This file contains any messages produced by compilers while
running configure, to aid debugging if configure makes a mistake.

It was created by riscv-toolchain configure 1.0, which was
generated by GNU Autoconf 2.69.  Invocation command line was

  $ ./configure --disable-option-checking --prefix=/opt/riscv --with-arch=rv64ima --cache-file=/dev/null --srcdir=.

## --------- ##
## Platform. ##
## --------- ##

hostname = SHAKTI-T
uname -m = x86_64
uname -r = 4.13.0-36-generic
uname -s = Linux
uname -v = #40-Ubuntu SMP Fri Feb 16 20:07:48 UTC 2018

/usr/bin/uname -p = unknown
/bin/uname -X     = unknown

/bin/arch              = unknown
/usr/bin/arch -k       = unknown
/usr/convex/getsysinfo = unknown
/usr/bin/hostinfo      = unknown
/bin/machine           = unknown
/usr/bin/oslevel       = unknown
/bin/universe          = unknown

PATH: /usr/local/sbin
PATH: /usr/local/bin
PATH: /usr/sbin
PATH: /usr/bin
PATH: /sbin
PATH: /bin
PATH: /usr/games
PATH: /usr/local/games


## ----------- ##
## Core tests. ##
## ----------- ##

configure:1894: checking for gcc
configure:1910: found /usr/bin/gcc
configure:1921: result: gcc
configure:2150: checking for C compiler version
configure:2159: gcc --version >&5
gcc (Ubuntu 7.2.0-8ubuntu3.2) 7.2.0
Copyright (C) 2017 Free Software Foundation, Inc.
This is free software; see the source for copying conditions.  There is NO
warranty; not even for MERCHANTABILITY or FITNESS FOR A PARTICULAR PURPOSE.

configure:2170: $? = 0
configure:2159: gcc -v >&5
Using built-in specs.
COLLECT_GCC=gcc
COLLECT_LTO_WRAPPER=/usr/lib/gcc/x86_64-linux-gnu/7/lto-wrapper
OFFLOAD_TARGET_NAMES=nvptx-none
OFFLOAD_TARGET_DEFAULT=1
Target: x86_64-linux-gnu
Configured with: ../src/configure -v --with-pkgversion='Ubuntu 7.2.0-8ubuntu3.2' --with-bugurl=file:///usr/share/doc/gcc-7/README.Bugs --enable-languages=c,ada,c++,go,brig,d,fortran,objc,obj-c++ --prefix=/usr --with-gcc-major-version-only --program-suffix=-7 --program-prefix=x86_64-linux-gnu- --enable-shared --enable-linker-build-id --libexecdir=/usr/lib --without-included-gettext --enable-threads=posix --libdir=/usr/lib --enable-nls --with-sysroot=/ --enable-clocale=gnu --enable-libstdcxx-debug --enable-libstdcxx-time=yes --with-default-libstdcxx-abi=new --enable-gnu-unique-object --disable-vtable-verify --enable-libmpx --enable-plugin --enable-default-pie --with-system-zlib --with-target-system-zlib --enable-objc-gc=auto --enable-multiarch --disable-werror --with-arch-32=i686 --with-abi=m64 --with-multilib-list=m32,m64,mx32 --enable-multilib --with-tune=generic --enable-offload-targets=nvptx-none --without-cuda-driver --enable-checking=release --build=x86_64-linux-gnu --host=x86_64-linux-gnu --target=x86_64-linux-gnu
Thread model: posix
gcc version 7.2.0 (Ubuntu 7.2.0-8ubuntu3.2) 
configure:2170: $? = 0
configure:2159: gcc -V >&5
gcc: error: unrecognized command line option '-V'
gcc: fatal error: no input files
compilation terminated.
configure:2170: $? = 1
configure:2159: gcc -qversion >&5
gcc: error: unrecognized command line option '-qversion'; did you mean '--version'?
gcc: fatal error: no input files
compilation terminated.
configure:2170: $? = 1
configure:2190: checking whether the C compiler works
configure:2212: gcc    conftest.c  >&5
configure:2216: $? = 0
configure:2264: result: yes
configure:2267: checking for C compiler default output file name
configure:2269: result: a.out
configure:2275: checking for suffix of executables
configure:2282: gcc -o conftest    conftest.c  >&5
configure:2286: $? = 0
configure:2308: result: 
configure:2330: checking whether we are cross compiling
configure:2338: gcc -o conftest    conftest.c  >&5
configure:2342: $? = 0
configure:2349: ./conftest
configure:2353: $? = 0
configure:2368: result: no
configure:2373: checking for suffix of object files
configure:2395: gcc -c   conftest.c >&5
configure:2399: $? = 0
configure:2420: result: o
configure:2424: checking whether we are using the GNU C compiler
configure:2443: gcc -c   conftest.c >&5
configure:2443: $? = 0
configure:2452: result: yes
configure:2461: checking whether gcc accepts -g
configure:2481: gcc -c -g  conftest.c >&5
configure:2481: $? = 0
configure:2522: result: yes
configure:2539: checking for gcc option to accept ISO C89
configure:2602: gcc  -c -g -O2  conftest.c >&5
configure:2602: $? = 0
configure:2615: result: none needed
configure:2635: checking for grep that handles long lines and -e
configure:2693: result: /bin/grep
configure:2698: checking for fgrep
configure:2760: result: /bin/grep -F
configure:2765: checking for grep that handles long lines and -e
configure:2823: result: /bin/grep
configure:2831: checking for bash
configure:2862: result: /bin/bash
configure:2933: checking for __gmpz_init in -lgmp
configure:2958: gcc -o conftest -g -O2   conftest.c -lgmp   >&5
/usr/bin/ld: cannot find -lgmp
collect2: error: ld returned 1 exit status
configure:2958: $? = 1
configure: failed program was:
| /* confdefs.h */
| #define PACKAGE_NAME "riscv-toolchain"
| #define PACKAGE_TARNAME "riscv-toolchain"
| #define PACKAGE_VERSION "1.0"
| #define PACKAGE_STRING "riscv-toolchain 1.0"
| #define PACKAGE_BUGREPORT ""
| #define PACKAGE_URL ""
| /* end confdefs.h.  */
| 
| /* Override any GCC internal prototype to avoid an error.
|    Use char because int might match the return type of a GCC
|    builtin and then its argument prototype would still apply.  */
| #ifdef __cplusplus
| extern "C"
| #endif
| char __gmpz_init ();
| int
| main ()
| {
| return __gmpz_init ();
|   ;
|   return 0;
| }
configure:2967: result: no
configure:2980: checking for mpfr_init in -lmpfr
configure:3005: gcc -o conftest -g -O2   conftest.c -lmpfr   >&5
/usr/bin/ld: cannot find -lmpfr
collect2: error: ld returned 1 exit status
configure:3005: $? = 1
configure: failed program was:
| /* confdefs.h */
| #define PACKAGE_NAME "riscv-toolchain"
| #define PACKAGE_TARNAME "riscv-toolchain"
| #define PACKAGE_VERSION "1.0"
| #define PACKAGE_STRING "riscv-toolchain 1.0"
| #define PACKAGE_BUGREPORT ""
| #define PACKAGE_URL ""
| /* end confdefs.h.  */
| 
| /* Override any GCC internal prototype to avoid an error.
|    Use char because int might match the return type of a GCC
|    builtin and then its argument prototype would still apply.  */
| #ifdef __cplusplus
| extern "C"
| #endif
| char mpfr_init ();
| int
| main ()
| {
| return mpfr_init ();
|   ;
|   return 0;
| }
configure:3014: result: no
configure:3027: checking for mpc_init2 in -lmpc
configure:3052: gcc -o conftest -g -O2   conftest.c -lmpc   >&5
/usr/bin/ld: cannot find -lmpc
collect2: error: ld returned 1 exit status
configure:3052: $? = 1
configure: failed program was:
| /* confdefs.h */
| #define PACKAGE_NAME "riscv-toolchain"
| #define PACKAGE_TARNAME "riscv-toolchain"
| #define PACKAGE_VERSION "1.0"
| #define PACKAGE_STRING "riscv-toolchain 1.0"
| #define PACKAGE_BUGREPORT ""
| #define PACKAGE_URL ""
| /* end confdefs.h.  */
| 
| /* Override any GCC internal prototype to avoid an error.
|    Use char because int might match the return type of a GCC
|    builtin and then its argument prototype would still apply.  */
| #ifdef __cplusplus
| extern "C"
| #endif
| char mpc_init2 ();
| int
| main ()
| {
| return mpc_init2 ();
|   ;
|   return 0;
| }
configure:3061: result: no
configure:3084: checking for curl
configure:3102: found /usr/bin/curl
configure:3115: result: /usr/bin/curl
configure:3125: checking for wget
configure:3143: found /usr/bin/wget
configure:3156: result: /usr/bin/wget
configure:3166: checking for ftp
configure:3184: found /usr/bin/ftp
configure:3197: result: /usr/bin/ftp
configure:3573: creating ./config.status

## ---------------------- ##
## Running config.status. ##
## ---------------------- ##

This file was extended by riscv-toolchain config.status 1.0, which was
generated by GNU Autoconf 2.69.  Invocation command line was

  CONFIG_FILES    = 
  CONFIG_HEADERS  = 
  CONFIG_LINKS    = 
  CONFIG_COMMANDS = 
  $ ./config.status 

on SHAKTI-T

config.status:743: creating Makefile
config.status:743: creating scripts/wrapper/awk/awk
config.status:743: creating scripts/wrapper/sed/sed

## ---------------- ##
## Cache variables. ##
## ---------------- ##

ac_cv_c_compiler_gnu=yes
ac_cv_env_CC_set=
ac_cv_env_CC_value=
ac_cv_env_CFLAGS_set=
ac_cv_env_CFLAGS_value=
ac_cv_env_CPPFLAGS_set=
ac_cv_env_CPPFLAGS_value=
ac_cv_env_LDFLAGS_set=
ac_cv_env_LDFLAGS_value=
ac_cv_env_LIBS_set=
ac_cv_env_LIBS_value=
ac_cv_env_build_alias_set=
ac_cv_env_build_alias_value=
ac_cv_env_host_alias_set=
ac_cv_env_host_alias_value=
ac_cv_env_target_alias_set=
ac_cv_env_target_alias_value=
ac_cv_lib_gmp___gmpz_init=no
ac_cv_lib_mpc_mpc_init2=no
ac_cv_lib_mpfr_mpfr_init=no
ac_cv_objext=o
ac_cv_path_BASH=/bin/bash
ac_cv_path_CURL=/usr/bin/curl
ac_cv_path_FGREP='/bin/grep -F'
ac_cv_path_FTP=/usr/bin/ftp
ac_cv_path_GAWK=/usr/bin/gawk
ac_cv_path_GREP=/bin/grep
ac_cv_path_GSED=/bin/sed
ac_cv_path_WGET=/usr/bin/wget
ac_cv_prog_ac_ct_CC=gcc
ac_cv_prog_cc_c89=
ac_cv_prog_cc_g=yes

## ----------------- ##
## Output variables. ##
## ----------------- ##

BASH='/bin/bash'
CC='gcc'
CFLAGS='-g -O2'
CPPFLAGS=''
CURL='/usr/bin/curl'
DEFS='-DPACKAGE_NAME=\"riscv-toolchain\" -DPACKAGE_TARNAME=\"riscv-toolchain\" -DPACKAGE_VERSION=\"1.0\" -DPACKAGE_STRING=\"riscv-toolchain\ 1.0\" -DPACKAGE_BUGREPORT=\"\" -DPACKAGE_URL=\"\"'
ECHO_C=''
ECHO_N='-n'
ECHO_T=''
EXEEXT=''
FETCHER='/usr/bin/curl -L -o - --ftp-pasv --retry 10'
FGREP='/bin/grep -F'
FTP='/usr/bin/ftp'
GAWK='/usr/bin/gawk'
GREP='/bin/grep'
GSED='/bin/sed'
LDFLAGS=''
LIBOBJS=''
LIBS=''
LTLIBOBJS=''
NEED_GCC_EXTERNAL_LIBRARIES='true'
OBJEXT='o'
PACKAGE_BUGREPORT=''
PACKAGE_NAME='riscv-toolchain'
PACKAGE_STRING='riscv-toolchain 1.0'
PACKAGE_TARNAME='riscv-toolchain'
PACKAGE_URL=''
PACKAGE_VERSION='1.0'
PATH_SEPARATOR=':'
SHELL='/bin/bash'
WGET='/usr/bin/wget'
WITH_ABI='--with-abi=lp64'
WITH_ARCH='--with-arch=rv64ima'
ac_ct_CC='gcc'
bindir='${exec_prefix}/bin'
build_alias=''
cmodel='-mcmodel=medlow'
configure_host=''
datadir='${datarootdir}'
datarootdir='${prefix}/share'
default_target='newlib'
docdir='${datarootdir}/doc/${PACKAGE_TARNAME}'
dvidir='${docdir}'
enable_gdb='--enable-gdb'
exec_prefix='${prefix}'
gcc_checking='--enable-checking=yes'
host_alias=''
htmldir='${docdir}'
includedir='${prefix}/include'
infodir='${datarootdir}/info'
libdir='${exec_prefix}/lib'
libexecdir='${exec_prefix}/libexec'
localedir='${datarootdir}/locale'
localstatedir='${prefix}/var'
mandir='${datarootdir}/man'
multilib_flags='--disable-multilib'
multilib_names='rv64ima-lp64'
oldincludedir='/usr/include'
pdfdir='${docdir}'
prefix='/opt/riscv'
program_transform_name='s,x,x,'
psdir='${docdir}'
runstatedir='${localstatedir}/run'
sbindir='${exec_prefix}/sbin'
sharedstatedir='${prefix}/com'
sysconfdir='${prefix}/etc'
target_alias=''
with_guile=''
with_system_zlib='--with-system-zlib'

## ----------- ##
## confdefs.h. ##
## ----------- ##

/* confdefs.h */
#define PACKAGE_NAME "riscv-toolchain"
#define PACKAGE_TARNAME "riscv-toolchain"
#define PACKAGE_VERSION "1.0"
#define PACKAGE_STRING "riscv-toolchain 1.0"
#define PACKAGE_BUGREPORT ""
#define PACKAGE_URL ""

configure: exit 0
